<?xml version="1.0" encoding="UTF-8"?>
<!-- Generated by org.testng.reporters.JUnitReportReporter -->
<testsuite skipped="0" hostname="PTALPALL-LAP" name="com.amzn.TestCases.LoginTest" tests="1" failures="0" timestamp="20 Feb 2021 06:16:51 GMT" time="11.599" errors="0">
  <testcase name="loginTestNew" time="11.599" classname="com.amzn.TestCases.LoginTest"/>
</testsuite> <!-- com.amzn.TestCases.LoginTest -->
